c:\users\mgare\source\repos\project1\project1\debug\vc143.pdb
c:\users\mgare\source\repos\project1\project1\debug\vc143.idb
c:\users\mgare\source\repos\project1\project1\debug\source.obj
c:\users\mgare\source\repos\project1\project1\debug\project1.ilk
c:\users\mgare\source\repos\project1\debug\project1.pdb
c:\users\mgare\source\repos\project1\project1\debug\project1.tlog\cl.command.1.tlog
c:\users\mgare\source\repos\project1\project1\debug\project1.tlog\cl.items.tlog
c:\users\mgare\source\repos\project1\project1\debug\project1.tlog\cl.read.1.tlog
c:\users\mgare\source\repos\project1\project1\debug\project1.tlog\cl.write.1.tlog
c:\users\mgare\source\repos\project1\project1\debug\project1.tlog\link-cvtres.read.1.tlog
c:\users\mgare\source\repos\project1\project1\debug\project1.tlog\link-cvtres.write.1.tlog
c:\users\mgare\source\repos\project1\project1\debug\project1.tlog\link-rc.read.1.tlog
c:\users\mgare\source\repos\project1\project1\debug\project1.tlog\link-rc.write.1.tlog
c:\users\mgare\source\repos\project1\project1\debug\project1.tlog\link.34320-cvtres.read.1.tlog
c:\users\mgare\source\repos\project1\project1\debug\project1.tlog\link.34320-cvtres.write.1.tlog
c:\users\mgare\source\repos\project1\project1\debug\project1.tlog\link.34320-rc.read.1.tlog
c:\users\mgare\source\repos\project1\project1\debug\project1.tlog\link.34320-rc.write.1.tlog
c:\users\mgare\source\repos\project1\project1\debug\project1.tlog\link.34320.read.1.tlog
c:\users\mgare\source\repos\project1\project1\debug\project1.tlog\link.34320.write.1.tlog
c:\users\mgare\source\repos\project1\project1\debug\project1.tlog\link.command.1.tlog
c:\users\mgare\source\repos\project1\project1\debug\project1.tlog\link.read.1.tlog
c:\users\mgare\source\repos\project1\project1\debug\project1.tlog\link.secondary.1.tlog
c:\users\mgare\source\repos\project1\project1\debug\project1.tlog\link.write.1.tlog
