  network.cpp
C:\Users\euan_\source\repos\dnd-engine\dnd-engine\network.cpp(82,11): warning C4129: '{': unrecognized character escape sequence
C:\Users\euan_\source\repos\dnd-engine\dnd-engine\network.cpp(89,11): warning C4129: '{': unrecognized character escape sequence
C:\Users\euan_\source\repos\dnd-engine\dnd-engine\network.cpp(101,11): warning C4129: '{': unrecognized character escape sequence
C:\Users\euan_\source\repos\dnd-engine\dnd-engine\network.cpp(151,13): warning C4129: '{': unrecognized character escape sequence
C:\Users\euan_\source\repos\dnd-engine\dnd-engine\network.cpp(210,12): warning C4129: '{': unrecognized character escape sequence
C:\Users\euan_\source\repos\dnd-engine\dnd-engine\network.cpp(232,12): warning C4129: '{': unrecognized character escape sequence
C:\Users\euan_\source\repos\dnd-engine\dnd-engine\network.cpp(252,13): warning C4129: '{': unrecognized character escape sequence
C:\Users\euan_\source\repos\dnd-engine\dnd-engine\network.cpp(264,13): warning C4129: '{': unrecognized character escape sequence
C:\Users\euan_\source\repos\dnd-engine\dnd-engine\network.cpp(317,10): warning C4129: '{': unrecognized character escape sequence
C:\Users\euan_\source\repos\dnd-engine\dnd-engine\network.cpp(356,11): warning C4129: '{': unrecognized character escape sequence
C:\Users\euan_\source\repos\dnd-engine\dnd-engine\network.cpp(372,13): warning C4129: '{': unrecognized character escape sequence
C:\Users\euan_\source\repos\dnd-engine\dnd-engine\network.cpp(396,11): warning C4129: '{': unrecognized character escape sequence
C:\Users\euan_\source\repos\dnd-engine\dnd-engine\network.cpp(415,13): warning C4129: '{': unrecognized character escape sequence
C:\Users\euan_\source\repos\dnd-engine\dnd-engine\network.cpp(483,11): warning C4129: '{': unrecognized character escape sequence
C:\Users\euan_\source\repos\dnd-engine\dnd-engine\network.cpp(495,11): warning C4129: '{': unrecognized character escape sequence
C:\Users\euan_\source\repos\dnd-engine\dnd-engine\network.cpp(514,14): warning C4129: '{': unrecognized character escape sequence
C:\Users\euan_\source\repos\dnd-engine\dnd-engine\network.cpp(542,11): warning C4129: '{': unrecognized character escape sequence
sfml-system-s-d.lib(String.obj) : warning LNK4099: PDB '' was not found with 'sfml-system-s-d.lib(String.obj)' or at ''; linking object as if no debug info
sfml-audio-s-d.lib(ALCheck.obj) : warning LNK4099: PDB '' was not found with 'sfml-audio-s-d.lib(ALCheck.obj)' or at ''; linking object as if no debug info
sfml-audio-s-d.lib(AudioDevice.obj) : warning LNK4099: PDB '' was not found with 'sfml-audio-s-d.lib(AudioDevice.obj)' or at ''; linking object as if no debug info
sfml-audio-s-d.lib(SoundFileWriterFlac.obj) : warning LNK4099: PDB '' was not found with 'sfml-audio-s-d.lib(SoundFileWriterFlac.obj)' or at ''; linking object as if no debug info
sfml-audio-s-d.lib(SoundFileWriterOgg.obj) : warning LNK4099: PDB '' was not found with 'sfml-audio-s-d.lib(SoundFileWriterOgg.obj)' or at ''; linking object as if no debug info
sfml-audio-s-d.lib(SoundFileWriterWav.obj) : warning LNK4099: PDB '' was not found with 'sfml-audio-s-d.lib(SoundFileWriterWav.obj)' or at ''; linking object as if no debug info
sfml-graphics-s-d.lib(GLCheck.obj) : warning LNK4099: PDB '' was not found with 'sfml-graphics-s-d.lib(GLCheck.obj)' or at ''; linking object as if no debug info
sfml-graphics-s-d.lib(ImageLoader.obj) : warning LNK4099: PDB '' was not found with 'sfml-graphics-s-d.lib(ImageLoader.obj)' or at ''; linking object as if no debug info
sfml-graphics-s-d.lib(Shader.obj) : warning LNK4099: PDB '' was not found with 'sfml-graphics-s-d.lib(Shader.obj)' or at ''; linking object as if no debug info
  dnd-engine.vcxproj -> C:\Users\euan_\source\repos\dnd-engine\x64\Debug\dnd-engine.exe
